<?xml version="1.0" encoding="UTF-8"?>
<robot generator="Robot 7.1.1 (Python 3.13.1 on win32)" generated="2024-12-09T23:14:48.760055" rpa="false" schemaversion="5">
<suite id="s1" name="Demoqa" source="c:\projetos robot\robot projetos pessoais\demoqa.robot">
<test id="s1-t1" name="Cenário 1: Realizando meu cadastro com todas as informações necessárias" line="20">
<kw name="Abrir o Google Chrome e acessar o site" type="SETUP">
<kw name="Open Browser" owner="SeleniumLibrary">
<msg time="2024-12-09T23:14:49.034271" level="INFO">Opening browser 'chrome' to base url 'https://demoqa.com/automation-practice-form'.</msg>
<arg>${URL}</arg>
<arg>chrome</arg>
<doc>Opens a new browser instance to the optional ``url``.</doc>
<status status="PASS" start="2024-12-09T23:14:49.034001" elapsed="9.326089"/>
</kw>
<kw name="Maximize Browser Window" owner="SeleniumLibrary">
<doc>Maximizes current browser window.</doc>
<status status="PASS" start="2024-12-09T23:14:58.360419" elapsed="0.032142"/>
</kw>
<status status="PASS" start="2024-12-09T23:14:49.033343" elapsed="9.359484"/>
</kw>
<kw name="Preencher os campos First Name, Last Name e Email">
<kw name="Inserir Texto">
<kw name="Wait Until Element Is Visible" owner="SeleniumLibrary">
<arg>${locator}</arg>
<doc>Waits until the element ``locator`` is visible.</doc>
<status status="PASS" start="2024-12-09T23:14:58.394183" elapsed="0.017525"/>
</kw>
<kw name="Input Text" owner="SeleniumLibrary">
<msg time="2024-12-09T23:14:58.412988" level="INFO">Typing text 'Fernando' into text field 'id:firstName'.</msg>
<arg>${locator}</arg>
<arg>${texto}</arg>
<doc>Types the given ``text`` into the text field identified by ``locator``.</doc>
<status status="PASS" start="2024-12-09T23:14:58.412088" elapsed="0.100201"/>
</kw>
<arg>${FNAME_INPUT}</arg>
<arg>Fernando</arg>
<timeout value="10 seconds"/>
<status status="PASS" start="2024-12-09T23:14:58.393689" elapsed="0.118750"/>
</kw>
<kw name="Inserir Texto">
<kw name="Wait Until Element Is Visible" owner="SeleniumLibrary">
<arg>${locator}</arg>
<doc>Waits until the element ``locator`` is visible.</doc>
<status status="PASS" start="2024-12-09T23:14:58.512992" elapsed="0.018829"/>
</kw>
<kw name="Input Text" owner="SeleniumLibrary">
<msg time="2024-12-09T23:14:58.532769" level="INFO">Typing text 'Veloso' into text field 'id:lastName'.</msg>
<arg>${locator}</arg>
<arg>${texto}</arg>
<doc>Types the given ``text`` into the text field identified by ``locator``.</doc>
<status status="PASS" start="2024-12-09T23:14:58.532080" elapsed="0.076232"/>
</kw>
<arg>${LNAME_INPUT}</arg>
<arg>Veloso</arg>
<timeout value="10 seconds"/>
<status status="PASS" start="2024-12-09T23:14:58.512628" elapsed="0.095828"/>
</kw>
<kw name="Inserir Texto">
<kw name="Wait Until Element Is Visible" owner="SeleniumLibrary">
<arg>${locator}</arg>
<doc>Waits until the element ``locator`` is visible.</doc>
<status status="PASS" start="2024-12-09T23:14:58.609008" elapsed="0.016096"/>
</kw>
<kw name="Input Text" owner="SeleniumLibrary">
<msg time="2024-12-09T23:14:58.626140" level="INFO">Typing text 'fernandoveloso95@outlook.com' into text field 'id:userEmail'.</msg>
<arg>${locator}</arg>
<arg>${texto}</arg>
<doc>Types the given ``text`` into the text field identified by ``locator``.</doc>
<status status="PASS" start="2024-12-09T23:14:58.625425" elapsed="0.181113"/>
</kw>
<arg>${EMAIL_INPUT}</arg>
<arg>fernandoveloso95@outlook.com</arg>
<timeout value="10 seconds"/>
<status status="PASS" start="2024-12-09T23:14:58.608644" elapsed="0.198123"/>
</kw>
<status status="PASS" start="2024-12-09T23:14:58.393348" elapsed="0.413594"/>
</kw>
<kw name="Marcar a opção &quot;Male&quot; na área de Gender">
<kw name="Clicar Elemento">
<kw name="Wait Until Element Is Visible" owner="SeleniumLibrary">
<arg>${locator}</arg>
<arg>10s</arg>
<doc>Waits until the element ``locator`` is visible.</doc>
<status status="PASS" start="2024-12-09T23:14:58.808411" elapsed="0.237297"/>
</kw>
<kw name="Wait Until Element Is Enabled" owner="SeleniumLibrary">
<arg>${locator}</arg>
<arg>10s</arg>
<doc>Waits until the element ``locator`` is enabled.</doc>
<status status="PASS" start="2024-12-09T23:14:59.045972" elapsed="0.029408"/>
</kw>
<kw name="Click Element" owner="SeleniumLibrary">
<msg time="2024-12-09T23:14:59.076167" level="INFO">Clicking element '//label[@for='gender-radio-1']'.</msg>
<arg>${locator}</arg>
<doc>Click the element identified by ``locator``.</doc>
<status status="PASS" start="2024-12-09T23:14:59.075648" elapsed="0.067408"/>
</kw>
<arg>${GENDER_RADIO_MALE}</arg>
<timeout value="10 seconds"/>
<status status="PASS" start="2024-12-09T23:14:58.808049" elapsed="0.335186"/>
</kw>
<status status="PASS" start="2024-12-09T23:14:58.807636" elapsed="0.335749"/>
</kw>
<kw name="Preencher o campo Mobile Number">
<kw name="Inserir Texto">
<kw name="Wait Until Element Is Visible" owner="SeleniumLibrary">
<arg>${locator}</arg>
<doc>Waits until the element ``locator`` is visible.</doc>
<status status="PASS" start="2024-12-09T23:14:59.144873" elapsed="0.028776"/>
</kw>
<kw name="Input Text" owner="SeleniumLibrary">
<msg time="2024-12-09T23:14:59.174815" level="INFO">Typing text '9876543210' into text field 'id:userNumber'.</msg>
<arg>${locator}</arg>
<arg>${texto}</arg>
<doc>Types the given ``text`` into the text field identified by ``locator``.</doc>
<status status="PASS" start="2024-12-09T23:14:59.174015" elapsed="0.092851"/>
</kw>
<arg>${MOBILE_NUMBER}</arg>
<arg>9876543210</arg>
<timeout value="10 seconds"/>
<status status="PASS" start="2024-12-09T23:14:59.144459" elapsed="0.122652"/>
</kw>
<status status="PASS" start="2024-12-09T23:14:59.144038" elapsed="0.123233"/>
</kw>
<kw name="Selecionar a data 26 de Setembro de 1995 em Date of Birth">
<kw name="Clicar Elemento">
<kw name="Wait Until Element Is Visible" owner="SeleniumLibrary">
<arg>${locator}</arg>
<arg>10s</arg>
<doc>Waits until the element ``locator`` is visible.</doc>
<status status="PASS" start="2024-12-09T23:14:59.268972" elapsed="0.027298"/>
</kw>
<kw name="Wait Until Element Is Enabled" owner="SeleniumLibrary">
<arg>${locator}</arg>
<arg>10s</arg>
<doc>Waits until the element ``locator`` is enabled.</doc>
<status status="PASS" start="2024-12-09T23:14:59.296520" elapsed="0.016980"/>
</kw>
<kw name="Click Element" owner="SeleniumLibrary">
<msg time="2024-12-09T23:14:59.314277" level="INFO">Clicking element '//input[@id='dateOfBirthInput']'.</msg>
<arg>${locator}</arg>
<doc>Click the element identified by ``locator``.</doc>
<status status="PASS" start="2024-12-09T23:14:59.313755" elapsed="0.115982"/>
</kw>
<arg>${BIRTH_SELECT}</arg>
<timeout value="10 seconds"/>
<status status="PASS" start="2024-12-09T23:14:59.268533" elapsed="0.161392"/>
</kw>
<kw name="Selecao Por Index">
<kw name="Wait Until Element Is Visible" owner="SeleniumLibrary">
<arg>${locator}</arg>
<doc>Waits until the element ``locator`` is visible.</doc>
<status status="PASS" start="2024-12-09T23:14:59.430807" elapsed="0.018599"/>
</kw>
<kw name="Select From List By Index" owner="SeleniumLibrary">
<msg time="2024-12-09T23:14:59.450375" level="INFO">Selecting options from selection list 'xpath=//select[contains(@class,'react-datepicker__month-select')]' by index 8.</msg>
<arg>${locator}</arg>
<arg>${index}</arg>
<doc>Selects options from selection list ``locator`` by ``indexes``.</doc>
<status status="PASS" start="2024-12-09T23:14:59.449674" elapsed="0.110241"/>
</kw>
<arg>xpath=//select[contains(@class,'react-datepicker__month-select')]</arg>
<arg>8</arg>
<timeout value="10 seconds"/>
<status status="PASS" start="2024-12-09T23:14:59.430187" elapsed="0.129869"/>
</kw>
<kw name="Selecao Por Valor">
<kw name="Wait Until Element Is Visible" owner="SeleniumLibrary">
<arg>${locator}</arg>
<doc>Waits until the element ``locator`` is visible.</doc>
<status status="PASS" start="2024-12-09T23:14:59.560633" elapsed="0.016592"/>
</kw>
<kw name="Select From List By Value" owner="SeleniumLibrary">
<msg time="2024-12-09T23:14:59.578019" level="INFO">Selecting options from selection list '//select[@class='react-datepicker__year-select']' by value 1995.</msg>
<arg>${locator}</arg>
<arg>${valor}</arg>
<doc>Selects options from selection list ``locator`` by ``values``.</doc>
<status status="PASS" start="2024-12-09T23:14:59.577467" elapsed="0.052509"/>
</kw>
<arg>//select[@class='react-datepicker__year-select']</arg>
<arg>1995</arg>
<timeout value="10 seconds"/>
<status status="PASS" start="2024-12-09T23:14:59.560252" elapsed="0.069883"/>
</kw>
<kw name="Clicar Elemento">
<kw name="Wait Until Element Is Visible" owner="SeleniumLibrary">
<arg>${locator}</arg>
<arg>10s</arg>
<doc>Waits until the element ``locator`` is visible.</doc>
<status status="PASS" start="2024-12-09T23:14:59.631078" elapsed="0.013784"/>
</kw>
<kw name="Wait Until Element Is Enabled" owner="SeleniumLibrary">
<arg>${locator}</arg>
<arg>10s</arg>
<doc>Waits until the element ``locator`` is enabled.</doc>
<status status="PASS" start="2024-12-09T23:14:59.645099" elapsed="0.014079"/>
</kw>
<kw name="Click Element" owner="SeleniumLibrary">
<msg time="2024-12-09T23:14:59.659908" level="INFO">Clicking element 'xpath=//div[contains(@class,'react-datepicker__day--026') and not(contains(@class,'--outside-month'))]'.</msg>
<arg>${locator}</arg>
<doc>Click the element identified by ``locator``.</doc>
<status status="PASS" start="2024-12-09T23:14:59.659411" elapsed="0.052613"/>
</kw>
<arg>xpath=//div[contains(@class,'react-datepicker__day--026') and not(contains(@class,'--outside-month'))]</arg>
<timeout value="10 seconds"/>
<status status="PASS" start="2024-12-09T23:14:59.630442" elapsed="0.081716"/>
</kw>
<status status="PASS" start="2024-12-09T23:14:59.268081" elapsed="0.444180"/>
</kw>
<kw name="Preencher o campo Subjects com o assunto &quot;Vasco da Gama!&quot;">
<kw name="Inserir Texto">
<kw name="Wait Until Element Is Visible" owner="SeleniumLibrary">
<arg>${locator}</arg>
<doc>Waits until the element ``locator`` is visible.</doc>
<status status="PASS" start="2024-12-09T23:14:59.713594" elapsed="0.014696"/>
</kw>
<kw name="Input Text" owner="SeleniumLibrary">
<msg time="2024-12-09T23:14:59.729112" level="INFO">Typing text 'Vasco da Gama!' into text field 'id:subjectsInput'.</msg>
<arg>${locator}</arg>
<arg>${texto}</arg>
<doc>Types the given ``text`` into the text field identified by ``locator``.</doc>
<status status="PASS" start="2024-12-09T23:14:59.728523" elapsed="0.105684"/>
</kw>
<arg>${SUBJECTS_INPUT}</arg>
<arg>Vasco da Gama!</arg>
<timeout value="10 seconds"/>
<status status="PASS" start="2024-12-09T23:14:59.713242" elapsed="0.121105"/>
</kw>
<kw name="Execute Javascript" owner="SeleniumLibrary">
<msg time="2024-12-09T23:14:59.834914" level="INFO">Executing JavaScript:
window.scrollBy(0, 300)
Without any arguments.</msg>
<arg>window.scrollBy(0, 300)</arg>
<doc>Executes the given JavaScript code with possible arguments.</doc>
<status status="PASS" start="2024-12-09T23:14:59.834521" elapsed="0.005122"/>
</kw>
<status status="PASS" start="2024-12-09T23:14:59.712878" elapsed="0.126952"/>
</kw>
<kw name="Clicar nos botões para marcar meus hobbies">
<kw name="Clicar Elemento">
<kw name="Wait Until Element Is Visible" owner="SeleniumLibrary">
<arg>${locator}</arg>
<arg>10s</arg>
<doc>Waits until the element ``locator`` is visible.</doc>
<status status="PASS" start="2024-12-09T23:14:59.841094" elapsed="0.014466"/>
</kw>
<kw name="Wait Until Element Is Enabled" owner="SeleniumLibrary">
<arg>${locator}</arg>
<arg>10s</arg>
<doc>Waits until the element ``locator`` is enabled.</doc>
<status status="PASS" start="2024-12-09T23:14:59.855841" elapsed="0.015784"/>
</kw>
<kw name="Click Element" owner="SeleniumLibrary">
<msg time="2024-12-09T23:14:59.872749" level="INFO">Clicking element 'xpath=//label[@for='hobbies-checkbox-1']'.</msg>
<arg>${locator}</arg>
<doc>Click the element identified by ``locator``.</doc>
<status status="PASS" start="2024-12-09T23:14:59.871937" elapsed="0.058051"/>
</kw>
<arg>${HOBBIES_1}</arg>
<timeout value="10 seconds"/>
<status status="PASS" start="2024-12-09T23:14:59.840769" elapsed="0.089376"/>
</kw>
<kw name="Clicar Elemento">
<kw name="Wait Until Element Is Visible" owner="SeleniumLibrary">
<arg>${locator}</arg>
<arg>10s</arg>
<doc>Waits until the element ``locator`` is visible.</doc>
<status status="PASS" start="2024-12-09T23:14:59.930743" elapsed="0.016117"/>
</kw>
<kw name="Wait Until Element Is Enabled" owner="SeleniumLibrary">
<arg>${locator}</arg>
<arg>10s</arg>
<doc>Waits until the element ``locator`` is enabled.</doc>
<status status="PASS" start="2024-12-09T23:14:59.947102" elapsed="0.015144"/>
</kw>
<kw name="Click Element" owner="SeleniumLibrary">
<msg time="2024-12-09T23:14:59.962958" level="INFO">Clicking element 'xpath=//label[@for='hobbies-checkbox-3']'.</msg>
<arg>${locator}</arg>
<doc>Click the element identified by ``locator``.</doc>
<status status="PASS" start="2024-12-09T23:14:59.962478" elapsed="0.053258"/>
</kw>
<arg>${HOBBIES_3}</arg>
<timeout value="10 seconds"/>
<status status="PASS" start="2024-12-09T23:14:59.930358" elapsed="0.085548"/>
</kw>
<status status="PASS" start="2024-12-09T23:14:59.840451" elapsed="0.175584"/>
</kw>
<kw name="Subir arquivo">
<msg time="2024-12-09T23:15:00.017035" level="FAIL">Keyword with same name defined multiple times.</msg>
<status status="FAIL" start="2024-12-09T23:15:00.016682" elapsed="0.001162">Keyword with same name defined multiple times.</status>
</kw>
<kw name="Manter navegador aberto após o teste">
<status status="NOT RUN" start="2024-12-09T23:15:00.018513" elapsed="0.000146"/>
</kw>
<status status="FAIL" start="2024-12-09T23:14:49.032575" elapsed="10.987026">Keyword with same name defined multiple times.</status>
</test>
<status status="FAIL" start="2024-12-09T23:14:48.765274" elapsed="11.255590"/>
</suite>
<statistics>
<total>
<stat pass="0" fail="1" skip="0">All Tests</stat>
</total>
<tag>
</tag>
<suite>
<stat pass="0" fail="1" skip="0" id="s1" name="Demoqa">Demoqa</stat>
</suite>
</statistics>
<errors>
<msg time="2024-12-09T23:14:48.744593" level="ERROR">Error in file 'c:\projetos robot\robot projetos pessoais\demoqa.robot' on line 102: Creating keyword 'Subir arquivo' failed: Keyword with same name defined multiple times.</msg>
</errors>
</robot>
